<?xml version="1.0" encoding="UTF-8"?>
<!-- Generated by org.testng.reporters.JUnitReportReporter -->
<testsuite skipped="1" hostname="T4ublrlpusr010" name="script.Profile" tests="1" failures="0" timestamp="04 Oct 2018 11:40:21 GMT" time="0.000" errors="0">
  <testcase name="prof" time="0.000" classname="script.Profile">
    <skipped/>
  </testcase> <!-- prof -->
</testsuite> <!-- script.Profile -->
