<?xml version="1.0" encoding="UTF-8"?>
<!-- Generated by org.testng.reporters.JUnitReportReporter -->
<testsuite skipped="0" hostname="T4ublrlpusr010" name="script.ActionTest" tests="16" failures="0" timestamp="05 Nov 2018 05:14:19 GMT" time="72.439" errors="0">
  <testcase name="actiontest" time="45.844" classname="script.ActionTest"/>
  <testcase name="qtplanningtest" time="6.164" classname="script.ActionTest"/>
  <testcase name="customertypetest" time="0.667" classname="script.ActionTest"/>
  <testcase name="customernametest" time="1.130" classname="script.ActionTest"/>
  <testcase name="existingusernametest" time="0.368" classname="script.ActionTest"/>
  <testcase name="addsourcetest" time="0.258" classname="script.ActionTest"/>
  <testcase name="sourcetest" time="0.460" classname="script.ActionTest"/>
  <testcase name="adddesttest" time="0.335" classname="script.ActionTest"/>
  <testcase name="desttest" time="0.395" classname="script.ActionTest"/>
  <testcase name="addwaypointtest" time="0.177" classname="script.ActionTest"/>
  <testcase name="waypointtest" time="0.970" classname="script.ActionTest"/>
  <testcase name="timearoundtest" time="0.218" classname="script.ActionTest"/>
  <testcase name="routekeytest" time="0.236" classname="script.ActionTest"/>
  <testcase name="routeidtest" time="1.014" classname="script.ActionTest"/>
  <testcase name="savebuttontest" time="0.147" classname="script.ActionTest"/>
  <testcase name="vechilenotest" time="14.056" classname="script.ActionTest"/>
</testsuite> <!-- script.ActionTest -->
