<?xml version="1.0" encoding="UTF-8"?>
<!-- Generated by org.testng.reporters.JUnitReportReporter -->
<testsuite skipped="0" hostname="T4ublrlpusr010" name="script.ValidPage" tests="1" failures="0" timestamp="04 Oct 2018 11:41:35 GMT" time="0.645" errors="0">
  <testcase name="testValidpage" time="0.645" classname="script.ValidPage"/>
</testsuite> <!-- script.ValidPage -->
