<?xml version="1.0" encoding="UTF-8"?>
<!-- Generated by org.testng.reporters.JUnitReportReporter -->
<testsuite skipped="0" hostname="T4ublrlpusr010" name="script.testLogout" tests="1" failures="0" timestamp="04 Oct 2018 06:56:44 GMT" time="2.531" errors="0">
  <testcase name="pagevalidation" time="2.531" classname="script.testLogout"/>
</testsuite> <!-- script.testLogout -->
